{"/Users/nickbottomley/Documents/nb/demethodize/test.js":{"path":"/Users/nickbottomley/Documents/nb/demethodize/test.js","s":{"1":1,"2":1,"3":1,"4":1,"5":1,"6":1,"7":1,"8":1,"9":1,"10":1,"11":1,"12":3,"13":1,"14":1,"15":1,"16":1,"17":1,"18":1,"19":6,"20":1,"21":1,"22":1,"23":1,"24":1},"b":{},"f":{"1":1,"2":1,"3":1,"4":1,"5":3,"6":1,"7":1,"8":6},"fnMap":{"1":{"name":"(anonymous_1)","line":5,"loc":{"start":{"line":5,"column":25},"end":{"line":5,"column":37}}},"2":{"name":"(anonymous_2)","line":6,"loc":{"start":{"line":6,"column":61},"end":{"line":6,"column":73}}},"3":{"name":"(anonymous_3)","line":8,"loc":{"start":{"line":8,"column":18},"end":{"line":8,"column":30}}},"4":{"name":"(anonymous_4)","line":15,"loc":{"start":{"line":15,"column":57},"end":{"line":15,"column":69}}},"5":{"name":"timesTwo","line":16,"loc":{"start":{"line":16,"column":4},"end":{"line":16,"column":28}}},"6":{"name":"(anonymous_6)","line":24,"loc":{"start":{"line":24,"column":38},"end":{"line":24,"column":50}}},"7":{"name":"(anonymous_7)","line":25,"loc":{"start":{"line":25,"column":55},"end":{"line":25,"column":67}}},"8":{"name":"timesTwo","line":26,"loc":{"start":{"line":26,"column":4},"end":{"line":26,"column":28}}}},"statementMap":{"1":{"start":{"line":1,"column":0},"end":{"line":1,"column":27}},"2":{"start":{"line":3,"column":0},"end":{"line":3,"column":34}},"3":{"start":{"line":5,"column":0},"end":{"line":22,"column":3}},"4":{"start":{"line":6,"column":2},"end":{"line":13,"column":5}},"5":{"start":{"line":7,"column":4},"end":{"line":9,"column":6}},"6":{"start":{"line":8,"column":32},"end":{"line":8,"column":44}},"7":{"start":{"line":10,"column":4},"end":{"line":10,"column":21}},"8":{"start":{"line":11,"column":4},"end":{"line":11,"column":65}},"9":{"start":{"line":12,"column":4},"end":{"line":12,"column":54}},"10":{"start":{"line":15,"column":2},"end":{"line":20,"column":5}},"11":{"start":{"line":16,"column":4},"end":{"line":16,"column":45}},"12":{"start":{"line":16,"column":30},"end":{"line":16,"column":43}},"13":{"start":{"line":17,"column":4},"end":{"line":17,"column":36}},"14":{"start":{"line":18,"column":4},"end":{"line":18,"column":52}},"15":{"start":{"line":19,"column":4},"end":{"line":19,"column":62}},"16":{"start":{"line":24,"column":0},"end":{"line":33,"column":3}},"17":{"start":{"line":25,"column":2},"end":{"line":32,"column":5}},"18":{"start":{"line":26,"column":4},"end":{"line":26,"column":45}},"19":{"start":{"line":26,"column":30},"end":{"line":26,"column":43}},"20":{"start":{"line":27,"column":4},"end":{"line":27,"column":47}},"21":{"start":{"line":28,"column":4},"end":{"line":28,"column":52}},"22":{"start":{"line":29,"column":4},"end":{"line":29,"column":62}},"23":{"start":{"line":30,"column":4},"end":{"line":30,"column":45}},"24":{"start":{"line":31,"column":4},"end":{"line":31,"column":60}}},"branchMap":{}},"/Users/nickbottomley/Documents/nb/demethodize/index.js":{"path":"/Users/nickbottomley/Documents/nb/demethodize/index.js","s":{"1":1,"2":2,"3":2,"4":2,"5":2,"6":1,"7":2,"8":1,"9":1,"10":2,"11":2,"12":2,"13":4,"14":2,"15":2,"16":1,"17":1},"b":{},"f":{"1":2,"2":2,"3":1,"4":2},"fnMap":{"1":{"name":"demethodizeStandard","line":1,"loc":{"start":{"line":1,"column":-15},"end":{"line":1,"column":36}}},"2":{"name":"(anonymous_2)","line":2,"loc":{"start":{"line":2,"column":9},"end":{"line":2,"column":21}}},"3":{"name":"demethodizeFunctional","line":12,"loc":{"start":{"line":12,"column":0},"end":{"line":12,"column":38}}},"4":{"name":"(anonymous_4)","line":13,"loc":{"start":{"line":13,"column":9},"end":{"line":13,"column":21}}}},"statementMap":{"1":{"start":{"line":1,"column":-15},"end":{"line":10,"column":1}},"2":{"start":{"line":2,"column":2},"end":{"line":9,"column":4}},"3":{"start":{"line":3,"column":4},"end":{"line":3,"column":35}},"4":{"start":{"line":4,"column":4},"end":{"line":4,"column":32}},"5":{"start":{"line":5,"column":4},"end":{"line":7,"column":5}},"6":{"start":{"line":6,"column":6},"end":{"line":6,"column":33}},"7":{"start":{"line":8,"column":4},"end":{"line":8,"column":42}},"8":{"start":{"line":12,"column":0},"end":{"line":22,"column":1}},"9":{"start":{"line":13,"column":2},"end":{"line":21,"column":4}},"10":{"start":{"line":14,"column":4},"end":{"line":14,"column":31}},"11":{"start":{"line":15,"column":4},"end":{"line":15,"column":32}},"12":{"start":{"line":16,"column":4},"end":{"line":18,"column":5}},"13":{"start":{"line":17,"column":6},"end":{"line":17,"column":29}},"14":{"start":{"line":19,"column":4},"end":{"line":19,"column":25}},"15":{"start":{"line":20,"column":4},"end":{"line":20,"column":33}},"16":{"start":{"line":24,"column":0},"end":{"line":24,"column":37}},"17":{"start":{"line":25,"column":0},"end":{"line":25,"column":50}}},"branchMap":{}}}