TN:
SF:/Users/nickbottomley/Documents/nb/demethodize/test.js
FN:5,(anonymous_1)
FN:6,(anonymous_2)
FN:8,(anonymous_3)
FN:15,(anonymous_4)
FN:16,timesTwo
FN:24,(anonymous_6)
FN:25,(anonymous_7)
FN:26,timesTwo
FNF:8
FNH:8
FNDA:1,(anonymous_1)
FNDA:1,(anonymous_2)
FNDA:1,(anonymous_3)
FNDA:1,(anonymous_4)
FNDA:3,timesTwo
FNDA:1,(anonymous_6)
FNDA:1,(anonymous_7)
FNDA:6,timesTwo
DA:1,1
DA:3,1
DA:5,1
DA:6,1
DA:7,1
DA:8,1
DA:10,1
DA:11,1
DA:12,1
DA:15,1
DA:16,3
DA:17,1
DA:18,1
DA:19,1
DA:24,1
DA:25,1
DA:26,6
DA:27,1
DA:28,1
DA:29,1
DA:30,1
DA:31,1
LF:22
LH:22
BRF:0
BRH:0
end_of_record
TN:
SF:/Users/nickbottomley/Documents/nb/demethodize/index.js
FN:1,demethodizeStandard
FN:2,(anonymous_2)
FN:12,demethodizeFunctional
FN:13,(anonymous_4)
FNF:4
FNH:4
FNDA:2,demethodizeStandard
FNDA:2,(anonymous_2)
FNDA:1,demethodizeFunctional
FNDA:2,(anonymous_4)
DA:1,1
DA:2,2
DA:3,2
DA:4,2
DA:5,2
DA:6,1
DA:8,2
DA:12,1
DA:13,1
DA:14,2
DA:15,2
DA:16,2
DA:17,4
DA:19,2
DA:20,2
DA:24,1
DA:25,1
LF:17
LH:17
BRF:0
BRH:0
end_of_record
